<?xml version="1.0" encoding="UTF-8"?>
<!-- Generated by org.testng.reporters.JUnitReportReporter -->
<testsuite skipped="0" hostname="DELL-PC" name="com.sample.tests.Test1" tests="1" failures="0" timestamp="2020-09-17T16:17:04 IST" time="23.468" errors="0">
  <testcase name="Sam" time="23.468" classname="com.sample.tests.Test1"/>
  <system-out/>
</testsuite> <!-- com.sample.tests.Test1 -->
