<?xml version="1.0" encoding="UTF-8"?>
<!-- Generated by org.testng.reporters.JUnitReportReporter -->
<testsuite skipped="0" hostname="DELL-PC" name="com.sample.tests.WikipediaTest" tests="1" failures="0" timestamp="2020-10-09T16:13:04 IST" time="13.179" errors="0">
  <testcase name="WikipediaTest" time="13.179" classname="com.sample.tests.WikipediaTest"/>
  <system-out/>
</testsuite> <!-- com.sample.tests.WikipediaTest -->
