<?xml version="1.0" encoding="UTF-8"?>
<!-- Generated by org.testng.reporters.JUnitReportReporter -->
<testsuite skipped="0" hostname="DELL-PC" name="com.sample.tests.AmazonTest" tests="1" failures="0" timestamp="2020-09-30T17:27:04 IST" time="61.761" errors="0">
  <testcase name="AmazonTest" time="61.761" classname="com.sample.tests.AmazonTest"/>
  <system-out/>
</testsuite> <!-- com.sample.tests.AmazonTest -->
