<?xml version="1.0" encoding="UTF-8"?>
<!-- Generated by org.testng.reporters.JUnitReportReporter -->
<testsuite skipped="0" hostname="DELL-PC" name="com.sample.tests.SeleniumTest" tests="1" failures="0" timestamp="2020-11-08T17:09:01 IST" time="113.665" errors="0">
  <testcase name="SeleniumTest" time="113.665" classname="com.sample.tests.SeleniumTest"/>
  <system-out/>
</testsuite> <!-- com.sample.tests.SeleniumTest -->
