<?xml version="1.0" encoding="UTF-8"?>
<!-- Generated by org.testng.reporters.JUnitReportReporter -->
<testsuite hostname="DELL-PC" name="com.sample.tests.Test1" tests="1" failures="0" timestamp="12 Sep 2020 18:59:30 GMT" time="20.557" errors="0">
  <testcase name="sample" time="20.557" classname="com.sample.tests.Test1"/>
</testsuite> <!-- com.sample.tests.Test1 -->
